<?xml version="1.0" encoding="UTF-8"?>
<!-- Generated by org.testng.reporters.JUnitXMLReporter -->
<testsuite hostname="Chanders-MacBook-Air.local" ignored="0" name="Free CRM App Test Cases" tests="9" failures="0" timestamp="20 Nov 2018 05:40:10 GMT" time="0.105" errors="0">
  <testcase name="@BeforeMethod setUp" time="0.013" classname="com.crm.testcases.LoginPageTest">
    <failure type="java.lang.NullPointerException">
      <![CDATA[java.lang.NullPointerException
	at com.crm.base.TestBase.intialization(TestBase.java:41)
	at com.crm.testcases.LoginPageTest.setUp(LoginPageTest.java:31)
... Removed 27 stack frames]]>
    </failure>
  </testcase> <!-- @BeforeMethod setUp -->
  <testcase name="@BeforeMethod setUp" time="0.001" classname="com.crm.testcases.HomePageTest">
    <failure type="java.lang.NullPointerException">
      <![CDATA[java.lang.NullPointerException
	at com.crm.base.TestBase.intialization(TestBase.java:41)
	at com.crm.testcases.HomePageTest.setUp(HomePageTest.java:32)
... Removed 27 stack frames]]>
    </failure>
  </testcase> <!-- @BeforeMethod setUp -->
  <testcase name="@BeforeMethod setUp" time="0.0" classname="com.crm.testcases.HomePageTest">
    <skipped/>
  </testcase> <!-- @BeforeMethod setUp -->
  <testcase name="@BeforeMethod setUp" time="0.0" classname="com.crm.testcases.HomePageTest">
    <skipped/>
  </testcase> <!-- @BeforeMethod setUp -->
  <testcase name="@BeforeMethod setUp" time="0.0" classname="com.crm.testcases.LoginPageTest">
    <skipped/>
  </testcase> <!-- @BeforeMethod setUp -->
  <testcase name="@BeforeMethod setUp" time="0.0" classname="com.crm.testcases.HomePageTest">
    <skipped/>
  </testcase> <!-- @BeforeMethod setUp -->
  <testcase name="@BeforeMethod setUp" time="0.0" classname="com.crm.testcases.HomePageTest">
    <skipped/>
  </testcase> <!-- @BeforeMethod setUp -->
  <testcase name="@BeforeMethod setUp" time="0.0" classname="com.crm.testcases.LoginPageTest">
    <skipped/>
  </testcase> <!-- @BeforeMethod setUp -->
  <testcase name="@BeforeMethod setUp" time="0.0" classname="com.crm.testcases.LoginPageTest">
    <skipped/>
  </testcase> <!-- @BeforeMethod setUp -->
  <testcase name="signuppagetest" time="0.001" classname="com.crm.testcases.LoginPageTest">
    <skipped/>
  </testcase> <!-- signuppagetest -->
  <testcase name="contactspageTest" time="0.0" classname="com.crm.testcases.HomePageTest">
    <skipped/>
  </testcase> <!-- contactspageTest -->
  <testcase name="dealspageTest" time="0.0" classname="com.crm.testcases.HomePageTest">
    <skipped/>
  </testcase> <!-- dealspageTest -->
  <testcase name="taskspageTest" time="0.0" classname="com.crm.testcases.HomePageTest">
    <skipped/>
  </testcase> <!-- taskspageTest -->
  <testcase name="loginpagetitletest" time="0.0" classname="com.crm.testcases.LoginPageTest">
    <skipped/>
  </testcase> <!-- loginpagetitletest -->
  <testcase name="usernamedisplayTest" time="0.0" classname="com.crm.testcases.HomePageTest">
    <skipped/>
  </testcase> <!-- usernamedisplayTest -->
  <testcase name="verifyHomePagetitleTest" time="0.0" classname="com.crm.testcases.HomePageTest">
    <skipped/>
  </testcase> <!-- verifyHomePagetitleTest -->
  <testcase name="CRMimagetest" time="0.0" classname="com.crm.testcases.LoginPageTest">
    <skipped/>
  </testcase> <!-- CRMimagetest -->
  <testcase name="loginpagetest" time="0.0" classname="com.crm.testcases.LoginPageTest">
    <skipped/>
  </testcase> <!-- loginpagetest -->
</testsuite> <!-- Free CRM App Test Cases -->
