<?xml version="1.0" encoding="UTF-8"?>
<!-- Generated by org.testng.reporters.JUnitXMLReporter -->
<testsuite hostname="Chanders-MacBook-Air.local" ignored="0" name="Default test(failed)" tests="5" failures="0" timestamp="20 Nov 2018 06:09:26 GMT" time="0.096" errors="0">
  <testcase name="@BeforeMethod setUp" time="0.009" classname="com.crm.testcases.HomePageTest">
    <failure type="java.lang.NullPointerException">
      <![CDATA[java.lang.NullPointerException
	at com.crm.base.TestBase.intialization(TestBase.java:41)
	at com.crm.testcases.HomePageTest.setUp(HomePageTest.java:32)
... Removed 27 stack frames]]>
    </failure>
  </testcase> <!-- @BeforeMethod setUp -->
  <testcase name="@BeforeMethod setUp" time="0.0" classname="com.crm.testcases.HomePageTest">
    <skipped/>
  </testcase> <!-- @BeforeMethod setUp -->
  <testcase name="@BeforeMethod setUp" time="0.0" classname="com.crm.testcases.HomePageTest">
    <skipped/>
  </testcase> <!-- @BeforeMethod setUp -->
  <testcase name="@BeforeMethod setUp" time="0.0" classname="com.crm.testcases.HomePageTest">
    <skipped/>
  </testcase> <!-- @BeforeMethod setUp -->
  <testcase name="@BeforeMethod setUp" time="0.0" classname="com.crm.testcases.HomePageTest">
    <skipped/>
  </testcase> <!-- @BeforeMethod setUp -->
  <testcase name="contactspageTest" time="0.0" classname="com.crm.testcases.HomePageTest">
    <skipped/>
  </testcase> <!-- contactspageTest -->
  <testcase name="dealspageTest" time="0.0" classname="com.crm.testcases.HomePageTest">
    <skipped/>
  </testcase> <!-- dealspageTest -->
  <testcase name="taskspageTest" time="0.0" classname="com.crm.testcases.HomePageTest">
    <skipped/>
  </testcase> <!-- taskspageTest -->
  <testcase name="verifyHomePagetitleTest" time="0.0" classname="com.crm.testcases.HomePageTest">
    <skipped/>
  </testcase> <!-- verifyHomePagetitleTest -->
  <testcase name="usernamedisplayTest" time="0.0" classname="com.crm.testcases.HomePageTest">
    <skipped/>
  </testcase> <!-- usernamedisplayTest -->
</testsuite> <!-- Default test(failed) -->
